[2022-03-20T15:56:12.649] [DEBUG] cheese - login => username:admin,password:123456
[2022-03-20T15:56:12.654] [DEBUG] cheese - admin
[2022-03-20T15:56:12.665] [DEBUG] cheese - null
[2022-03-20T15:56:12.665] [DEBUG] cheese - null
[2022-03-20T15:59:56.817] [DEBUG] cheese - login => username:admin,password:123456
[2022-03-20T15:59:56.817] [DEBUG] cheese - admin
[2022-03-20T15:59:56.819] [DEBUG] cheese - null
[2022-03-20T15:59:56.819] [DEBUG] cheese - null
[2022-03-20T16:03:14.181] [DEBUG] cheese - login => username:admin,password:123456
[2022-03-20T16:03:14.181] [DEBUG] cheese - admin
[2022-03-20T16:03:14.184] [DEBUG] cheese - null
[2022-03-20T16:03:14.184] [DEBUG] cheese - null
[2022-03-20T17:12:33.282] [DEBUG] cheese - login => username:admin,password:123456
[2022-03-20T17:12:33.283] [DEBUG] cheese - admin
[2022-03-20T17:12:33.294] [DEBUG] cheese - null
[2022-03-20T17:12:33.294] [DEBUG] cheese - null
[2022-03-20T17:13:41.921] [DEBUG] cheese - login => username:admin,password:123456
[2022-03-20T17:13:41.921] [DEBUG] cheese - admin
[2022-03-20T17:13:41.923] [DEBUG] cheese - null
[2022-03-20T17:13:41.924] [DEBUG] cheese - null
[2022-03-20T17:14:13.994] [DEBUG] cheese - login => username:admin,password:123456
[2022-03-20T17:14:13.994] [DEBUG] cheese - admin
[2022-03-20T17:14:13.997] [DEBUG] cheese - null
[2022-03-20T17:14:13.997] [DEBUG] cheese - null
[2022-03-20T17:19:05.037] [DEBUG] cheese - login => username:admin,password:123456
[2022-03-20T17:19:05.038] [DEBUG] cheese - admin
[2022-03-20T17:19:05.040] [DEBUG] cheese - null
[2022-03-20T17:19:05.040] [DEBUG] cheese - null
[2022-03-20T21:53:48.087] [DEBUG] cheese - login => username:admin,password:123456
[2022-03-20T21:53:48.087] [DEBUG] cheese - admin
[2022-03-20T21:53:48.090] [DEBUG] cheese - null
[2022-03-20T21:53:48.090] [DEBUG] cheese - null
[2022-03-20T21:57:49.430] [DEBUG] cheese - login => username:admin,password:123456
[2022-03-20T21:57:49.430] [DEBUG] cheese - admin
[2022-03-20T21:57:49.432] [DEBUG] cheese - null
[2022-03-20T21:57:49.432] [DEBUG] cheese - null
[2022-03-21T10:47:13.533] [DEBUG] cheese - login => username:admin,password:123456
[2022-03-21T10:47:13.533] [DEBUG] cheese - admin
[2022-03-21T10:47:13.541] [DEBUG] cheese - null
[2022-03-21T10:47:13.541] [DEBUG] cheese - null
[2022-03-21T10:56:54.023] [DEBUG] cheese - login => username:admin,password:123456
[2022-03-21T10:56:54.023] [DEBUG] cheese - admin
[2022-03-21T10:56:54.026] [DEBUG] cheese - null
[2022-03-21T10:56:54.026] [DEBUG] cheese - null
[2022-03-21T10:57:07.982] [DEBUG] cheese - login => username:admin,password:123456
[2022-03-21T10:57:07.982] [DEBUG] cheese - admin
[2022-03-21T10:57:07.984] [DEBUG] cheese - null
[2022-03-21T10:57:07.984] [DEBUG] cheese - null
[2022-03-21T11:31:20.223] [DEBUG] cheese - login => username:admin,password:123456
[2022-03-21T11:31:20.223] [DEBUG] cheese - admin
[2022-03-21T11:31:20.226] [DEBUG] cheese - null
[2022-03-21T11:31:20.227] [DEBUG] cheese - null
[2022-03-21T11:34:04.905] [DEBUG] cheese - login => username:admin,password:123456
[2022-03-21T11:34:04.905] [DEBUG] cheese - admin
[2022-03-21T11:34:04.908] [DEBUG] cheese - null
[2022-03-21T11:34:04.908] [DEBUG] cheese - null
[2022-03-21T11:37:16.213] [DEBUG] cheese - login => username:admin,password:123456
[2022-03-21T11:37:16.213] [DEBUG] cheese - admin
[2022-03-21T11:37:16.215] [DEBUG] cheese - null
[2022-03-21T11:37:16.215] [DEBUG] cheese - null
[2022-03-21T11:39:55.101] [DEBUG] cheese - login => username:admin,password:123456
[2022-03-21T11:39:55.101] [DEBUG] cheese - admin
[2022-03-21T11:39:55.103] [DEBUG] cheese - null
[2022-03-21T11:39:55.103] [DEBUG] cheese - null
[2022-03-21T11:41:40.841] [DEBUG] cheese - login => username:admin,password:123456
[2022-03-21T11:41:40.841] [DEBUG] cheese - admin
[2022-03-21T11:41:40.843] [DEBUG] cheese - null
[2022-03-21T11:41:40.843] [DEBUG] cheese - null
[2022-03-21T11:44:40.029] [DEBUG] cheese - login => username:admin,password:123456
[2022-03-21T11:44:40.029] [DEBUG] cheese - admin
[2022-03-21T11:44:40.031] [DEBUG] cheese - null
[2022-03-21T11:44:40.031] [DEBUG] cheese - null
[2022-03-21T12:01:55.133] [DEBUG] cheese - login => username:admin,password:123456
[2022-03-21T12:01:55.134] [DEBUG] cheese - admin
[2022-03-21T12:01:55.135] [DEBUG] cheese - null
[2022-03-21T12:01:55.136] [DEBUG] cheese - null
[2022-03-21T12:21:55.408] [DEBUG] cheese - login => username:admin,password:123456
[2022-03-21T12:21:55.408] [DEBUG] cheese - admin
[2022-03-21T12:21:55.411] [DEBUG] cheese - null
[2022-03-21T12:21:55.411] [DEBUG] cheese - null
[2022-03-21T12:29:15.872] [DEBUG] cheese - login => username:admin,password:123456
[2022-03-21T12:29:15.872] [DEBUG] cheese - admin
[2022-03-21T12:29:15.874] [DEBUG] cheese - null
[2022-03-21T12:29:15.874] [DEBUG] cheese - null
[2022-03-21T14:32:31.125] [DEBUG] cheese - login => username:admin,password:123456
[2022-03-21T14:32:31.125] [DEBUG] cheese - admin
[2022-03-21T14:32:31.129] [DEBUG] cheese - null
[2022-03-21T14:32:31.130] [DEBUG] cheese - null
[2022-03-21T16:24:37.083] [DEBUG] cheese - login => username:admin,password:123456
[2022-03-21T16:24:37.083] [DEBUG] cheese - admin
[2022-03-21T16:24:37.087] [DEBUG] cheese - null
[2022-03-21T16:24:37.087] [DEBUG] cheese - null
[2022-03-21T16:35:11.960] [DEBUG] cheese - login => username:admin,password:123456
[2022-03-21T16:35:11.960] [DEBUG] cheese - admin
[2022-03-21T16:35:11.963] [DEBUG] cheese - null
[2022-03-21T16:35:11.963] [DEBUG] cheese - null
[2022-03-22T13:55:36.974] [DEBUG] cheese - login => username:admin,password:123456
[2022-03-22T13:55:36.976] [DEBUG] cheese - admin
[2022-03-22T13:55:36.986] [DEBUG] cheese - null
[2022-03-22T13:55:36.986] [DEBUG] cheese - null
[2022-03-22T14:26:19.014] [DEBUG] cheese - login => username:admin,password:123456
[2022-03-22T14:26:19.015] [DEBUG] cheese - admin
[2022-03-22T14:26:19.019] [DEBUG] cheese - null
[2022-03-22T14:26:19.020] [DEBUG] cheese - null
[2022-03-22T18:24:12.757] [DEBUG] cheese - login => username:admin,password:123456
[2022-03-22T18:24:12.758] [DEBUG] cheese - admin
[2022-03-22T18:24:12.761] [DEBUG] cheese - null
[2022-03-22T18:24:12.762] [DEBUG] cheese - null
[2022-03-22T18:24:59.200] [DEBUG] cheese - login => username:admin,password:123456
[2022-03-22T18:24:59.200] [DEBUG] cheese - admin
[2022-03-22T18:24:59.202] [DEBUG] cheese - null
[2022-03-22T18:24:59.202] [DEBUG] cheese - null
[2022-03-22T21:29:56.155] [DEBUG] cheese - login => username:admin,password:123456
[2022-03-22T21:29:56.156] [DEBUG] cheese - admin
[2022-03-22T21:29:56.159] [DEBUG] cheese - null
[2022-03-22T21:29:56.159] [DEBUG] cheese - null
[2022-03-23T08:33:49.542] [DEBUG] cheese - login => username:admin,password:123456
[2022-03-23T08:33:49.543] [DEBUG] cheese - admin
[2022-03-23T08:33:49.550] [DEBUG] cheese - null
[2022-03-23T08:33:49.551] [DEBUG] cheese - null
[2022-03-23T11:13:17.233] [DEBUG] cheese - login => username:admin,password:123456
[2022-03-23T11:13:17.234] [DEBUG] cheese - admin
[2022-03-23T11:13:17.237] [DEBUG] cheese - null
[2022-03-23T11:13:17.237] [DEBUG] cheese - null
[2022-03-23T16:26:46.154] [DEBUG] cheese - login => username:admin,password:123456
[2022-03-23T16:26:46.156] [DEBUG] cheese - admin
[2022-03-23T16:26:46.159] [DEBUG] cheese - null
[2022-03-23T16:26:46.160] [DEBUG] cheese - null
[2022-03-23T16:28:24.242] [DEBUG] cheese - login => username:admin,password:123456
[2022-03-23T16:28:24.244] [DEBUG] cheese - admin
[2022-03-23T16:28:24.247] [DEBUG] cheese - null
[2022-03-23T16:28:24.248] [DEBUG] cheese - null
[2022-03-24T14:38:54.118] [DEBUG] cheese - login => username:admin,password:123456
[2022-03-24T14:38:54.119] [DEBUG] cheese - admin
[2022-03-24T14:38:54.127] [DEBUG] cheese - null
[2022-03-24T14:38:54.127] [DEBUG] cheese - null
[2022-03-25T10:11:56.176] [DEBUG] cheese - login => username:admin,password:123456
[2022-03-25T10:11:56.177] [DEBUG] cheese - admin
[2022-03-25T10:11:56.186] [DEBUG] cheese - null
[2022-03-25T10:11:56.187] [DEBUG] cheese - null
[2022-03-25T10:48:57.554] [DEBUG] cheese - login => username:admin,password:123456
[2022-03-25T10:48:57.554] [DEBUG] cheese - admin
[2022-03-25T10:48:57.557] [DEBUG] cheese - null
[2022-03-25T10:48:57.557] [DEBUG] cheese - null
[2022-03-25T15:11:35.329] [DEBUG] cheese - login => username:admin,password:123456
[2022-03-25T15:11:35.329] [DEBUG] cheese - admin
[2022-03-25T15:11:35.331] [DEBUG] cheese - null
[2022-03-25T15:11:35.332] [DEBUG] cheese - null
[2022-03-25T19:19:58.544] [DEBUG] cheese - login => username:admin,password:123456
[2022-03-25T19:19:58.545] [DEBUG] cheese - admin
[2022-03-25T19:19:58.548] [DEBUG] cheese - null
[2022-03-25T19:19:58.549] [DEBUG] cheese - null
[2022-03-25T19:40:19.409] [DEBUG] cheese - login => username:admin,password:123456
[2022-03-25T19:40:19.409] [DEBUG] cheese - admin
[2022-03-25T19:40:19.411] [DEBUG] cheese - null
[2022-03-25T19:40:19.412] [DEBUG] cheese - null
[2022-03-25T21:13:24.773] [DEBUG] cheese - login => username:admin,password:123456
[2022-03-25T21:13:24.774] [DEBUG] cheese - admin
[2022-03-25T21:13:24.779] [DEBUG] cheese - null
[2022-03-25T21:13:24.779] [DEBUG] cheese - null
[2022-03-25T21:33:16.409] [DEBUG] cheese - login => username:admin,password:123456
[2022-03-25T21:33:16.409] [DEBUG] cheese - admin
[2022-03-25T21:33:16.415] [DEBUG] cheese - null
[2022-03-25T21:33:16.416] [DEBUG] cheese - null
[2022-03-26T09:48:03.092] [DEBUG] cheese - login => username:admin,password:123456
[2022-03-26T09:48:03.093] [DEBUG] cheese - admin
[2022-03-26T09:48:03.101] [DEBUG] cheese - null
[2022-03-26T09:48:03.101] [DEBUG] cheese - null
[2022-03-26T14:19:45.987] [DEBUG] cheese - login => username:admin,password:123456
[2022-03-26T14:19:45.987] [DEBUG] cheese - admin
[2022-03-26T14:19:45.991] [DEBUG] cheese - null
[2022-03-26T14:19:45.992] [DEBUG] cheese - null
[2022-03-26T14:20:02.894] [DEBUG] cheese - login => username:admin,password:123456
[2022-03-26T14:20:02.894] [DEBUG] cheese - admin
[2022-03-26T14:20:02.895] [DEBUG] cheese - null
[2022-03-26T14:20:02.896] [DEBUG] cheese - null
[2022-03-26T14:22:49.261] [DEBUG] cheese - login => username:admin,password:123456
[2022-03-26T14:22:49.261] [DEBUG] cheese - admin
[2022-03-26T14:22:49.263] [DEBUG] cheese - null
[2022-03-26T14:22:49.263] [DEBUG] cheese - null
[2022-03-26T14:23:43.437] [DEBUG] cheese - login => username:afdg,password:123456
[2022-03-26T14:23:43.437] [DEBUG] cheese - afdg
[2022-03-26T14:23:43.439] [DEBUG] cheese - null
[2022-03-26T14:23:43.439] [DEBUG] cheese - null
[2022-03-26T14:23:51.798] [DEBUG] cheese - login => username:afdg,password:dxfgdhghgd
[2022-03-26T14:23:51.798] [DEBUG] cheese - afdg
[2022-03-26T14:23:51.800] [DEBUG] cheese - null
[2022-03-26T14:23:51.800] [DEBUG] cheese - null
[2022-03-26T14:24:10.437] [DEBUG] cheese - login => username:admin,password:123456
[2022-03-26T14:24:10.437] [DEBUG] cheese - admin
[2022-03-26T14:24:10.438] [DEBUG] cheese - null
[2022-03-26T14:24:10.438] [DEBUG] cheese - null
[2022-03-26T22:03:04.248] [DEBUG] cheese - login => username:admin,password:123456
[2022-03-26T22:03:04.248] [DEBUG] cheese - admin
[2022-03-26T22:03:04.251] [DEBUG] cheese - null
[2022-03-26T22:03:04.252] [DEBUG] cheese - null
[2022-03-27T10:33:33.710] [DEBUG] cheese - login => username:admin,password:123456
[2022-03-27T10:33:33.712] [DEBUG] cheese - admin
[2022-03-27T10:33:33.719] [DEBUG] cheese - null
[2022-03-27T10:33:33.720] [DEBUG] cheese - null
[2022-03-27T13:12:38.321] [DEBUG] cheese - login => username:admin,password:123456
[2022-03-27T13:12:38.321] [DEBUG] cheese - admin
[2022-03-27T13:12:38.324] [DEBUG] cheese - null
[2022-03-27T13:12:38.324] [DEBUG] cheese - null
[2022-03-27T15:07:20.718] [DEBUG] cheese - login => username:admin,password:123456
[2022-03-27T15:07:20.718] [DEBUG] cheese - admin
[2022-03-27T15:07:20.721] [DEBUG] cheese - null
[2022-03-27T15:07:20.721] [DEBUG] cheese - null
[2022-03-28T09:13:36.817] [DEBUG] cheese - login => username:admin,password:123456
[2022-03-28T09:13:36.817] [DEBUG] cheese - admin
[2022-03-28T09:13:36.827] [DEBUG] cheese - null
[2022-03-28T09:13:36.828] [DEBUG] cheese - null
[2022-03-28T16:14:20.767] [DEBUG] cheese - login => username:admin,password:123456
[2022-03-28T16:14:20.769] [DEBUG] cheese - admin
[2022-03-28T16:14:20.775] [DEBUG] cheese - null
[2022-03-28T16:14:20.775] [DEBUG] cheese - null
[2022-03-28T21:56:45.834] [DEBUG] cheese - login => username:admin,password:123456
[2022-03-28T21:56:45.835] [DEBUG] cheese - admin
[2022-03-28T21:56:45.841] [DEBUG] cheese - null
[2022-03-28T21:56:45.841] [DEBUG] cheese - null
[2022-03-28T22:51:04.605] [DEBUG] cheese - null
[2022-03-29T14:58:34.146] [DEBUG] cheese - login => username:admin,password:123456
[2022-03-29T14:58:34.146] [DEBUG] cheese - admin
[2022-03-29T14:58:34.155] [DEBUG] cheese - null
[2022-03-29T14:58:34.156] [DEBUG] cheese - null
[2022-03-29T16:30:42.086] [DEBUG] cheese - login => username:admin,password:123456
[2022-03-29T16:30:42.087] [DEBUG] cheese - admin
[2022-03-29T16:30:42.090] [DEBUG] cheese - null
[2022-03-29T16:30:42.090] [DEBUG] cheese - null
[2022-03-29T16:45:11.516] [DEBUG] cheese - login => username:admin,password:123456
[2022-03-29T16:45:11.517] [DEBUG] cheese - admin
[2022-03-29T16:45:11.520] [DEBUG] cheese - null
[2022-03-29T16:45:11.521] [DEBUG] cheese - null
[2022-03-29T16:53:45.141] [DEBUG] cheese - login => username:admin,password:123456
[2022-03-29T16:53:45.142] [DEBUG] cheese - admin
[2022-03-29T16:53:45.152] [DEBUG] cheese - null
[2022-03-29T16:53:45.153] [DEBUG] cheese - null
[2022-03-29T19:22:17.584] [DEBUG] cheese - login => username:admin,password:123456
[2022-03-29T19:22:17.586] [DEBUG] cheese - admin
[2022-03-29T19:22:17.590] [DEBUG] cheese - null
[2022-03-29T19:22:17.590] [DEBUG] cheese - null
[2022-03-29T20:13:03.915] [DEBUG] cheese - login => username:admin,password:123456
[2022-03-29T20:13:03.915] [DEBUG] cheese - admin
[2022-03-29T20:13:03.918] [DEBUG] cheese - null
[2022-03-29T20:13:03.918] [DEBUG] cheese - null
[2022-03-29T21:28:15.318] [DEBUG] cheese - login => username:admin,password:123456
[2022-03-29T21:28:15.320] [DEBUG] cheese - admin
[2022-03-29T21:28:15.333] [DEBUG] cheese - null
[2022-03-29T21:28:15.333] [DEBUG] cheese - null
[2022-03-30T08:31:26.673] [DEBUG] cheese - login => username:admin,password:123456
[2022-03-30T08:31:26.683] [DEBUG] cheese - admin
[2022-03-30T08:31:26.697] [DEBUG] cheese - null
[2022-03-30T08:31:26.699] [DEBUG] cheese - null
[2022-03-30T10:48:41.256] [DEBUG] cheese - login => username:admin,password:123456
[2022-03-30T10:48:41.256] [DEBUG] cheese - admin
[2022-03-30T10:48:41.260] [DEBUG] cheese - null
[2022-03-30T10:48:41.260] [DEBUG] cheese - null
[2022-03-30T11:10:02.529] [DEBUG] cheese - login => username:admin,password:123456
[2022-03-30T11:10:02.530] [DEBUG] cheese - admin
[2022-03-30T11:10:02.535] [DEBUG] cheese - null
[2022-03-30T11:10:02.535] [DEBUG] cheese - null
[2022-03-30T11:27:16.497] [DEBUG] cheese - login => username:admin,password:123456
[2022-03-30T11:27:16.498] [DEBUG] cheese - admin
[2022-03-30T11:27:16.500] [DEBUG] cheese - null
[2022-03-30T11:27:16.501] [DEBUG] cheese - null
[2022-03-30T12:29:57.709] [DEBUG] cheese - login => username:admin,password:123456
[2022-03-30T12:29:57.710] [DEBUG] cheese - admin
[2022-03-30T12:29:57.714] [DEBUG] cheese - null
[2022-03-30T12:29:57.715] [DEBUG] cheese - null
